int 1
l 1
students 21
flee 1
hong 27
kong 27
as 7
more 3
universities 3
prematurely 1
end 3
terms 1
amid 2
campus 2
turmoil 2
international 2
have 5
begun 2
to 31
evacuate 1
from 5
announced 3
a 8
premature 2
the 43
fall 3
term 3
protester 1
on 21
campuses 2
south 3
korean 2
consulate 1
in 17
escorted 1
over 1
40 1
out 2
of 21
chinese 8
university 16
cuhk 10
wednesday 7
30 1
whom 1
went 1
directly 1
airport 1
fly 1
home 3
according 2
rthk 1
tuesday 2
around 1
50 1
at 6
also 3
returned 1
their 2
country 1
broadcaster 1
reported 3
november 5
12 4
protest 2
2019 1
photo 3
jimmy 1
lam 1
united 4
social 2
press 2
news 2
came 1
after 1
fierce 1
clashes 1
between 1
police 3
and 17
protesters 2
broke 1
several 1
monday 1
including 2
hku 2
polytechnic 1
spokesperson 1
for 10
korea 1
s 5
ministry 1
foreign 1
affairs 2
said 8
thursday 7
that 15
its 6
government 3
had 7
expressed 1
concern 1
about 2
situation 2
is 1
considering 1
issuing 1
severe 1
travel 1
warning 1
city 5
state 1
owned 1
central 1
agency 1
cna 1
taiwan 5
mainland 4
council 2
it 11
expects 1
284 1
taiwanese 4
return 3
island 1
assisted 1
126 1
studying 2
board 1
china 2
airlines 1
flight 1
evening 1
there 1
are 1
1 1
021 1
national 2
ntu 3
advised 4
exchange 5
while 1
other 2
were 4
welcome 2
enrol 1
visiting 1
added 2
was 2
willing 1
assist 1
global 1
partners 1
states 1
kingdom 1
france 1
elsewhere 1
accept 1
who 1
originally 2
meant 1
head 1
polyu 1
add 1
oil 1
kaiser 1
some 1
sought 1
shelter 1
hostels 2
run 1
by 3
communist 1
youth 1
league 1
shenzhen 2
committee 1
ming 1
pao 1
wrote 1
twitter 1
like 1
platform 1
weibo 1
take 2
refuge 1
southern 1
free 1
seven 1
days 1
sent 1
vessel 1
help 1
leave 3
upon 1
request 1
magnus 1
an 2
student 2
denmark 1
told 1
apple 1
daily 1
many 1
his 1
school 2
returning 1
though 1
he 2
no 4
plan 1
yet 1
lack 1
communication 1
with 3
led 1
escalating 1
tactics 1
contrast 1
danish 1
officials 1
would 2
communicated 1
citizens 1
person 1
or 2
responded 1
questions 1
public 1
through 1
media 1
meanwhile 2
macau 3
higher 1
education 1
bureau 1
highly 1
concerned 1
has 4
all 1
territory 1
be 5
vigilant 1
set 1
up 1
emergency 1
group 1
representatives 1
obtain 1
firsthand 1
information 1
classes 4
suspended 3
following 1
announcement 1
will 6
rest 2
semester 1
teaching 2
well 2
assessments 1
conducted 1
online 2
stay 1
away 1
if 1
they 1
wish 1
2 2
bridge 2
13 2
studio 1
incendo 1
friday 1
last 1
day 1
period 1
those 1
place 1
final 1
examinations 1
cancelled 1
instead 1
asked 2
complete 1
assignments 1
baptist 1
science 1
technology 1
week 1
lingnan 1
postpone 1
graduation 1
ceremony 1
scheduled 1
next 1
been 1
shaken 1
24 1
weeks 1
protests 1
triggered 1
now 1
withdrawn 1
extradition 1
bill 1
which 1
enabled 1
fugitive 1
transfers 1
movement 1
evolved 1
into 1
calls 1
democratic 1
reform 1
accountability 1
handling 1
crisis 1
demands 1
correction 1
15 1
original 1
version 1
this 1
article 1
stated 1
g2000 1
1000yen 5
1000 1
ggplot 1
philip2020uuug 1
only 1
do 1
so 1
